<?xml version="1.0" encoding="UTF-8"?><testsuite failures="1" name="cucumber.runtime.formatter.JUnitFormatter" skipped="0" tests="2" time="61.698566">
<testcase classname="Redfin Application" name="UseCase1" time="39.434655">
<system-out><![CDATA[Given the redfin application is launched for "test1"........................passed
Then verify the home page using "Real Estate, Homes for Sale, MLS Listings, Agents".passed
When enter the "Sunnyvale" in searchbox and press the enter button..........passed
Then validate pop up appears................................................passed
When On the pop up select the entry "https://www.redfin.com/city/19457/CA/Sunnyvale".passed
Then verify the city Real Estate page using "Sunnyvale Real Estate".........passed
Then assert the Search box on the top left side has "Sunnyvale".............passed
When Select the min price as "25" and max price as "3"......................passed
Then Verify all the homes listed are from "/CA/Sunnyvale/", if no homes listed throw an errorMessage.passed
]]></system-out>
</testcase>
<testcase classname="Redfin Application" name="UseCase1_2" time="22.263911">
<failure message="org.openqa.selenium.JavascriptException: javascript error: Cannot read property 'click' of undefined&#10;  (Session info: chrome=85.0.4183.102)&#10;Build info: version: '3.5.3', revision: 'a88d25fe6b', time: '2017-08-29T12:42:44.417Z'&#10;System info: host: 'SHARMILA', ip: '192.168.1.13', os.name: 'Windows 10', os.arch: 'amd64', os.version: '10.0', java.version: '1.8.0_261'&#10;Driver info: org.openqa.selenium.chrome.ChromeDriver&#10;Capabilities [{networkConnectionEnabled=false, chrome={chromedriverVersion=85.0.4183.87 (cd6713ebf92fa1cacc0f1a598df280093af0c5d7-refs/branch-heads/4183@{#1689}), userDataDir=C:\Users\sweet\AppData\Local\Temp\scoped_dir25036_1951352104}, timeouts={implicit=0, pageLoad=300000, script=30000}, pageLoadStrategy=normal, unhandledPromptBehavior=dismiss and notify, strictFileInteractability=false, platform=XP, proxy=Proxy(), goog:chromeOptions={debuggerAddress=localhost:59985}, acceptInsecureCerts=false, browserVersion=85.0.4183.102, browserName=chrome, javascriptEnabled=true, platformName=XP, setWindowRect=true, webauthn:virtualAuthenticators=true}]&#10;Session ID: acb3b550ceb3c63d6e0796197d4bcede&#13;&#10;&#9;at sun.reflect.NativeConstructorAccessorImpl.newInstance0(Native Method)&#13;&#10;&#9;at sun.reflect.NativeConstructorAccessorImpl.newInstance(Unknown Source)&#13;&#10;&#9;at sun.reflect.DelegatingConstructorAccessorImpl.newInstance(Unknown Source)&#13;&#10;&#9;at java.lang.reflect.Constructor.newInstance(Unknown Source)&#13;&#10;&#9;at org.openqa.selenium.remote.http.W3CHttpResponseCodec.createException(W3CHttpResponseCodec.java:185)&#13;&#10;&#9;at org.openqa.selenium.remote.http.W3CHttpResponseCodec.decode(W3CHttpResponseCodec.java:120)&#13;&#10;&#9;at org.openqa.selenium.remote.http.W3CHttpResponseCodec.decode(W3CHttpResponseCodec.java:49)&#13;&#10;&#9;at org.openqa.selenium.remote.HttpCommandExecutor.execute(HttpCommandExecutor.java:164)&#13;&#10;&#9;at org.openqa.selenium.remote.service.DriverCommandExecutor.execute(DriverCommandExecutor.java:82)&#13;&#10;&#9;at org.openqa.selenium.remote.RemoteWebDriver.execute(RemoteWebDriver.java:646)&#13;&#10;&#9;at org.openqa.selenium.remote.RemoteWebDriver.executeScript(RemoteWebDriver.java:582)&#13;&#10;&#9;at com.redfin.pages.RealEstatePage.enterMaxValue(RealEstatePage.java:78)&#13;&#10;&#9;at com.redfin.stepdefinitions.StepDefinition.select_the_min_price_as_and_max_price_as(StepDefinition.java:69)&#13;&#10;&#9;at ✽.When Select the min price as &quot;21&quot; and max price as &quot;4&quot;(scenarios.feature:12)&#13;&#10;"><![CDATA[Given the redfin application is launched for "test2"........................passed
Then verify the home page using "Real Estate, Homes for Sale, MLS Listings, Agents".passed
When enter the "Sunnyvale" in searchbox and press the enter button..........passed
Then validate pop up appears................................................passed
When On the pop up select the entry "https://www.redfin.com/neighborhood/338644/TX/Dallas/Sunnyvale".passed
Then verify the city Real Estate page using "Sunnyvale Real Estate".........passed
Then assert the Search box on the top left side has "Sunnyvale".............passed
When Select the min price as "21" and max price as "4"......................failed
Then Verify all the homes listed are from "/TX/Dallas", if no homes listed throw an errorMessage.skipped

StackTrace:
org.openqa.selenium.JavascriptException: javascript error: Cannot read property 'click' of undefined
  (Session info: chrome=85.0.4183.102)
Build info: version: '3.5.3', revision: 'a88d25fe6b', time: '2017-08-29T12:42:44.417Z'
System info: host: 'SHARMILA', ip: '192.168.1.13', os.name: 'Windows 10', os.arch: 'amd64', os.version: '10.0', java.version: '1.8.0_261'
Driver info: org.openqa.selenium.chrome.ChromeDriver
Capabilities [{networkConnectionEnabled=false, chrome={chromedriverVersion=85.0.4183.87 (cd6713ebf92fa1cacc0f1a598df280093af0c5d7-refs/branch-heads/4183@{#1689}), userDataDir=C:\Users\sweet\AppData\Local\Temp\scoped_dir25036_1951352104}, timeouts={implicit=0, pageLoad=300000, script=30000}, pageLoadStrategy=normal, unhandledPromptBehavior=dismiss and notify, strictFileInteractability=false, platform=XP, proxy=Proxy(), goog:chromeOptions={debuggerAddress=localhost:59985}, acceptInsecureCerts=false, browserVersion=85.0.4183.102, browserName=chrome, javascriptEnabled=true, platformName=XP, setWindowRect=true, webauthn:virtualAuthenticators=true}]
Session ID: acb3b550ceb3c63d6e0796197d4bcede
	at sun.reflect.NativeConstructorAccessorImpl.newInstance0(Native Method)
	at sun.reflect.NativeConstructorAccessorImpl.newInstance(Unknown Source)
	at sun.reflect.DelegatingConstructorAccessorImpl.newInstance(Unknown Source)
	at java.lang.reflect.Constructor.newInstance(Unknown Source)
	at org.openqa.selenium.remote.http.W3CHttpResponseCodec.createException(W3CHttpResponseCodec.java:185)
	at org.openqa.selenium.remote.http.W3CHttpResponseCodec.decode(W3CHttpResponseCodec.java:120)
	at org.openqa.selenium.remote.http.W3CHttpResponseCodec.decode(W3CHttpResponseCodec.java:49)
	at org.openqa.selenium.remote.HttpCommandExecutor.execute(HttpCommandExecutor.java:164)
	at org.openqa.selenium.remote.service.DriverCommandExecutor.execute(DriverCommandExecutor.java:82)
	at org.openqa.selenium.remote.RemoteWebDriver.execute(RemoteWebDriver.java:646)
	at org.openqa.selenium.remote.RemoteWebDriver.executeScript(RemoteWebDriver.java:582)
	at com.redfin.pages.RealEstatePage.enterMaxValue(RealEstatePage.java:78)
	at com.redfin.stepdefinitions.StepDefinition.select_the_min_price_as_and_max_price_as(StepDefinition.java:69)
	at ✽.When Select the min price as "21" and max price as "4"(scenarios.feature:12)
]]></failure>
</testcase>
</testsuite>
